The system is: Linux - 5.4.0-73-generic - x86_64
Compiling the C compiler identification source file "CMakeCCompilerId.c" succeeded.
Compiler: /opt/conda/bin/x86_64-conda-linux-gnu-cc 
Build flags: -march=nocona;-mtune=haswell;-ftree-vectorize;-fPIC;-fstack-protector-strong;-fno-plt;-O2;-ffunction-sections;-pipe;-isystem;/opt/conda/include
Id flags:  

The output was:
0


Compilation of the C compiler identification source "CMakeCCompilerId.c" produced "a.out"

The C compiler identification is GNU, found in "/home/jovyan/local/1_user/hgoh@agilesoda.ai/TwinReader/CRAFT/utils/cpp_bindings/build/CMakeFiles/3.10.2/CompilerIdC/a.out"

Compiling the CXX compiler identification source file "CMakeCXXCompilerId.cpp" succeeded.
Compiler: /opt/conda/bin/x86_64-conda-linux-gnu-c++ 
Build flags: -fvisibility-inlines-hidden;-std=c++17;-fmessage-length=0;-march=nocona;-mtune=haswell;-ftree-vectorize;-fPIC;-fstack-protector-strong;-fno-plt;-O2;-ffunction-sections;-pipe;-isystem;/opt/conda/include
Id flags:  

The output was:
0


Compilation of the CXX compiler identification source "CMakeCXXCompilerId.cpp" produced "a.out"

The CXX compiler identification is GNU, found in "/home/jovyan/local/1_user/hgoh@agilesoda.ai/TwinReader/CRAFT/utils/cpp_bindings/build/CMakeFiles/3.10.2/CompilerIdCXX/a.out"

Determining if the C compiler works passed with the following output:
Change Dir: /home/jovyan/local/1_user/hgoh@agilesoda.ai/TwinReader/CRAFT/utils/cpp_bindings/build/CMakeFiles/CMakeTmp

Run Build Command:"/opt/conda/bin/make" "cmTC_da6f7/fast"
/opt/conda/bin/make -f CMakeFiles/cmTC_da6f7.dir/build.make CMakeFiles/cmTC_da6f7.dir/build
make[1]: Entering directory '/home/jovyan/local/1_user/hgoh@agilesoda.ai/TwinReader/CRAFT/utils/cpp_bindings/build/CMakeFiles/CMakeTmp'
Building C object CMakeFiles/cmTC_da6f7.dir/testCCompiler.c.o
/opt/conda/bin/x86_64-conda-linux-gnu-cc   -march=nocona -mtune=haswell -ftree-vectorize -fPIC -fstack-protector-strong -fno-plt -O2 -ffunction-sections -pipe -isystem /opt/conda/include    -o CMakeFiles/cmTC_da6f7.dir/testCCompiler.c.o   -c /home/jovyan/local/1_user/hgoh@agilesoda.ai/TwinReader/CRAFT/utils/cpp_bindings/build/CMakeFiles/CMakeTmp/testCCompiler.c
Linking C executable cmTC_da6f7
/usr/bin/cmake -E cmake_link_script CMakeFiles/cmTC_da6f7.dir/link.txt --verbose=1
/opt/conda/bin/x86_64-conda-linux-gnu-cc -march=nocona -mtune=haswell -ftree-vectorize -fPIC -fstack-protector-strong -fno-plt -O2 -ffunction-sections -pipe -isystem /opt/conda/include   -Wl,-O2 -Wl,--sort-common -Wl,--as-needed -Wl,-z,relro -Wl,-z,now -Wl,--disable-new-dtags -Wl,--gc-sections -Wl,-rpath,/opt/conda/lib -Wl,-rpath-link,/opt/conda/lib -L/opt/conda/lib  -rdynamic CMakeFiles/cmTC_da6f7.dir/testCCompiler.c.o  -o cmTC_da6f7 
make[1]: Leaving directory '/home/jovyan/local/1_user/hgoh@agilesoda.ai/TwinReader/CRAFT/utils/cpp_bindings/build/CMakeFiles/CMakeTmp'


Detecting C compiler ABI info compiled with the following output:
Change Dir: /home/jovyan/local/1_user/hgoh@agilesoda.ai/TwinReader/CRAFT/utils/cpp_bindings/build/CMakeFiles/CMakeTmp

Run Build Command:"/opt/conda/bin/make" "cmTC_4079f/fast"
/opt/conda/bin/make -f CMakeFiles/cmTC_4079f.dir/build.make CMakeFiles/cmTC_4079f.dir/build
make[1]: Entering directory '/home/jovyan/local/1_user/hgoh@agilesoda.ai/TwinReader/CRAFT/utils/cpp_bindings/build/CMakeFiles/CMakeTmp'
Building C object CMakeFiles/cmTC_4079f.dir/CMakeCCompilerABI.c.o
/opt/conda/bin/x86_64-conda-linux-gnu-cc   -march=nocona -mtune=haswell -ftree-vectorize -fPIC -fstack-protector-strong -fno-plt -O2 -ffunction-sections -pipe -isystem /opt/conda/include    -o CMakeFiles/cmTC_4079f.dir/CMakeCCompilerABI.c.o   -c /usr/share/cmake-3.10/Modules/CMakeCCompilerABI.c
Linking C executable cmTC_4079f
/usr/bin/cmake -E cmake_link_script CMakeFiles/cmTC_4079f.dir/link.txt --verbose=1
/opt/conda/bin/x86_64-conda-linux-gnu-cc -march=nocona -mtune=haswell -ftree-vectorize -fPIC -fstack-protector-strong -fno-plt -O2 -ffunction-sections -pipe -isystem /opt/conda/include   -Wl,-O2 -Wl,--sort-common -Wl,--as-needed -Wl,-z,relro -Wl,-z,now -Wl,--disable-new-dtags -Wl,--gc-sections -Wl,-rpath,/opt/conda/lib -Wl,-rpath-link,/opt/conda/lib -L/opt/conda/lib -v -rdynamic CMakeFiles/cmTC_4079f.dir/CMakeCCompilerABI.c.o  -o cmTC_4079f 
Reading specs from /opt/conda/bin/../lib/gcc/x86_64-conda-linux-gnu/7.5.0/specs
COLLECT_GCC=/opt/conda/bin/x86_64-conda-linux-gnu-cc
COLLECT_LTO_WRAPPER=/opt/conda/bin/../libexec/gcc/x86_64-conda-linux-gnu/7.5.0/lto-wrapper
Target: x86_64-conda-linux-gnu
Configured with: /home/conda/feedstock_root/build_artifacts/ctng-compilers_1601678720612/work/.build/x86_64-conda-linux-gnu/src/gcc/configure --build=x86_64-build_pc-linux-gnu --host=x86_64-build_pc-linux-gnu --target=x86_64-conda-linux-gnu --prefix=/home/conda/feedstock_root/build_artifacts/ctng-compilers_1601678720612/work/gcc_built --with-sysroot=/home/conda/feedstock_root/build_artifacts/ctng-compilers_1601678720612/work/gcc_built/x86_64-conda-linux-gnu/sysroot --enable-languages=c,c++,fortran,objc,obj-c++ --with-pkgversion='crosstool-NG 1.24.0.133_b0863d8_dirty' --enable-__cxa_atexit --disable-libmudflap --enable-libgomp --disable-libssp --enable-libquadmath --enable-libquadmath-support --enable-libsanitizer --enable-libmpx --with-gmp=/home/conda/feedstock_root/build_artifacts/ctng-compilers_1601678720612/work/.build/x86_64-conda-linux-gnu/buildtools --with-mpfr=/home/conda/feedstock_root/build_artifacts/ctng-compilers_1601678720612/work/.build/x86_64-conda-linux-gnu/buildtools --with-mpc=/home/conda/feedstock_root/build_artifacts/ctng-compilers_1601678720612/work/.build/x86_64-conda-linux-gnu/buildtools --with-isl=/home/conda/feedstock_root/build_artifacts/ctng-compilers_1601678720612/work/.build/x86_64-conda-linux-gnu/buildtools --enable-lto --enable-threads=posix --enable-target-optspace --enable-plugin --enable-gold --disable-nls --disable-multilib --with-local-prefix=/home/conda/feedstock_root/build_artifacts/ctng-compilers_1601678720612/work/gcc_built/x86_64-conda-linux-gnu/sysroot --enable-long-long --enable-default-pie
Thread model: posix
gcc version 7.5.0 (crosstool-NG 1.24.0.133_b0863d8_dirty) 
COMPILER_PATH=/opt/conda/bin/../libexec/gcc/x86_64-conda-linux-gnu/7.5.0/:/opt/conda/bin/../libexec/gcc/:/opt/conda/bin/../lib/gcc/x86_64-conda-linux-gnu/7.5.0/../../../../x86_64-conda-linux-gnu/bin/
LIBRARY_PATH=/opt/conda/bin/../lib/gcc/x86_64-conda-linux-gnu/7.5.0/:/opt/conda/bin/../lib/gcc/:/opt/conda/bin/../lib/gcc/x86_64-conda-linux-gnu/7.5.0/../../../../x86_64-conda-linux-gnu/lib/../lib/:/opt/conda/bin/../x86_64-conda-linux-gnu/sysroot/lib/../lib/:/opt/conda/bin/../x86_64-conda-linux-gnu/sysroot/usr/lib/../lib/:/opt/conda/bin/../lib/gcc/x86_64-conda-linux-gnu/7.5.0/../../../../x86_64-conda-linux-gnu/lib/:/opt/conda/bin/../x86_64-conda-linux-gnu/sysroot/lib/:/opt/conda/bin/../x86_64-conda-linux-gnu/sysroot/usr/lib/
COLLECT_GCC_OPTIONS='-march=nocona' '-mtune=haswell' '-ftree-vectorize' '-fPIC' '-fstack-protector-strong' '-fno-plt' '-O2' '-ffunction-sections' '-pipe' '-isystem' '/opt/conda/include' '-L/opt/conda/lib' '-v' '-rdynamic' '-o' 'cmTC_4079f'
 /opt/conda/bin/../libexec/gcc/x86_64-conda-linux-gnu/7.5.0/collect2 -plugin /opt/conda/bin/../libexec/gcc/x86_64-conda-linux-gnu/7.5.0/liblto_plugin.so -plugin-opt=/opt/conda/bin/../libexec/gcc/x86_64-conda-linux-gnu/7.5.0/lto-wrapper -plugin-opt=-fresolution=/tmp/ccK0Mv65.res -plugin-opt=-pass-through=-lgcc -plugin-opt=-pass-through=-lgcc_s -plugin-opt=-pass-through=-lc -plugin-opt=-pass-through=-lgcc -plugin-opt=-pass-through=-lgcc_s --sysroot=/opt/conda/bin/../x86_64-conda-linux-gnu/sysroot --eh-frame-hdr -m elf_x86_64 -export-dynamic -dynamic-linker /lib64/ld-linux-x86-64.so.2 -pie -o cmTC_4079f /opt/conda/bin/../x86_64-conda-linux-gnu/sysroot/usr/lib/../lib/Scrt1.o /opt/conda/bin/../x86_64-conda-linux-gnu/sysroot/usr/lib/../lib/crti.o /opt/conda/bin/../lib/gcc/x86_64-conda-linux-gnu/7.5.0/crtbeginS.o -L/opt/conda/lib -L/opt/conda/bin/../lib/gcc/x86_64-conda-linux-gnu/7.5.0 -L/opt/conda/bin/../lib/gcc -L/opt/conda/bin/../lib/gcc/x86_64-conda-linux-gnu/7.5.0/../../../../x86_64-conda-linux-gnu/lib/../lib -L/opt/conda/bin/../x86_64-conda-linux-gnu/sysroot/lib/../lib -L/opt/conda/bin/../x86_64-conda-linux-gnu/sysroot/usr/lib/../lib -L/opt/conda/bin/../lib/gcc/x86_64-conda-linux-gnu/7.5.0/../../../../x86_64-conda-linux-gnu/lib -L/opt/conda/bin/../x86_64-conda-linux-gnu/sysroot/lib -L/opt/conda/bin/../x86_64-conda-linux-gnu/sysroot/usr/lib -rpath /opt/conda/lib -O2 --sort-common --as-needed -z relro -z now --disable-new-dtags --gc-sections -rpath /opt/conda/lib -rpath-link /opt/conda/lib CMakeFiles/cmTC_4079f.dir/CMakeCCompilerABI.c.o -lgcc --as-needed -lgcc_s --no-as-needed -lc -lgcc --as-needed -lgcc_s --no-as-needed /opt/conda/bin/../lib/gcc/x86_64-conda-linux-gnu/7.5.0/crtendS.o /opt/conda/bin/../x86_64-conda-linux-gnu/sysroot/usr/lib/../lib/crtn.o
COLLECT_GCC_OPTIONS='-march=nocona' '-mtune=haswell' '-ftree-vectorize' '-fPIC' '-fstack-protector-strong' '-fno-plt' '-O2' '-ffunction-sections' '-pipe' '-isystem' '/opt/conda/include' '-L/opt/conda/lib' '-v' '-rdynamic' '-o' 'cmTC_4079f'
make[1]: Leaving directory '/home/jovyan/local/1_user/hgoh@agilesoda.ai/TwinReader/CRAFT/utils/cpp_bindings/build/CMakeFiles/CMakeTmp'


Parsed C implicit link information from above output:
  link line regex: [^( *|.*[/\])(ld|CMAKE_LINK_STARTFILE-NOTFOUND|([^/\]+-)?ld|collect2)[^/\]*( |$)]
  ignore line: [Change Dir: /home/jovyan/local/1_user/hgoh@agilesoda.ai/TwinReader/CRAFT/utils/cpp_bindings/build/CMakeFiles/CMakeTmp]
  ignore line: []
  ignore line: [Run Build Command:"/opt/conda/bin/make" "cmTC_4079f/fast"]
  ignore line: [/opt/conda/bin/make -f CMakeFiles/cmTC_4079f.dir/build.make CMakeFiles/cmTC_4079f.dir/build]
  ignore line: [make[1]: Entering directory '/home/jovyan/local/1_user/hgoh@agilesoda.ai/TwinReader/CRAFT/utils/cpp_bindings/build/CMakeFiles/CMakeTmp']
  ignore line: [Building C object CMakeFiles/cmTC_4079f.dir/CMakeCCompilerABI.c.o]
  ignore line: [/opt/conda/bin/x86_64-conda-linux-gnu-cc   -march=nocona -mtune=haswell -ftree-vectorize -fPIC -fstack-protector-strong -fno-plt -O2 -ffunction-sections -pipe -isystem /opt/conda/include    -o CMakeFiles/cmTC_4079f.dir/CMakeCCompilerABI.c.o   -c /usr/share/cmake-3.10/Modules/CMakeCCompilerABI.c]
  ignore line: [Linking C executable cmTC_4079f]
  ignore line: [/usr/bin/cmake -E cmake_link_script CMakeFiles/cmTC_4079f.dir/link.txt --verbose=1]
  ignore line: [/opt/conda/bin/x86_64-conda-linux-gnu-cc -march=nocona -mtune=haswell -ftree-vectorize -fPIC -fstack-protector-strong -fno-plt -O2 -ffunction-sections -pipe -isystem /opt/conda/include   -Wl,-O2 -Wl,--sort-common -Wl,--as-needed -Wl,-z,relro -Wl,-z,now -Wl,--disable-new-dtags -Wl,--gc-sections -Wl,-rpath,/opt/conda/lib -Wl,-rpath-link,/opt/conda/lib -L/opt/conda/lib -v -rdynamic CMakeFiles/cmTC_4079f.dir/CMakeCCompilerABI.c.o  -o cmTC_4079f ]
  ignore line: [Reading specs from /opt/conda/bin/../lib/gcc/x86_64-conda-linux-gnu/7.5.0/specs]
  ignore line: [COLLECT_GCC=/opt/conda/bin/x86_64-conda-linux-gnu-cc]
  ignore line: [COLLECT_LTO_WRAPPER=/opt/conda/bin/../libexec/gcc/x86_64-conda-linux-gnu/7.5.0/lto-wrapper]
  ignore line: [Target: x86_64-conda-linux-gnu]
  ignore line: [Configured with: /home/conda/feedstock_root/build_artifacts/ctng-compilers_1601678720612/work/.build/x86_64-conda-linux-gnu/src/gcc/configure --build=x86_64-build_pc-linux-gnu --host=x86_64-build_pc-linux-gnu --target=x86_64-conda-linux-gnu --prefix=/home/conda/feedstock_root/build_artifacts/ctng-compilers_1601678720612/work/gcc_built --with-sysroot=/home/conda/feedstock_root/build_artifacts/ctng-compilers_1601678720612/work/gcc_built/x86_64-conda-linux-gnu/sysroot --enable-languages=c,c++,fortran,objc,obj-c++ --with-pkgversion='crosstool-NG 1.24.0.133_b0863d8_dirty' --enable-__cxa_atexit --disable-libmudflap --enable-libgomp --disable-libssp --enable-libquadmath --enable-libquadmath-support --enable-libsanitizer --enable-libmpx --with-gmp=/home/conda/feedstock_root/build_artifacts/ctng-compilers_1601678720612/work/.build/x86_64-conda-linux-gnu/buildtools --with-mpfr=/home/conda/feedstock_root/build_artifacts/ctng-compilers_1601678720612/work/.build/x86_64-conda-linux-gnu/buildtools --with-mpc=/home/conda/feedstock_root/build_artifacts/ctng-compilers_1601678720612/work/.build/x86_64-conda-linux-gnu/buildtools --with-isl=/home/conda/feedstock_root/build_artifacts/ctng-compilers_1601678720612/work/.build/x86_64-conda-linux-gnu/buildtools --enable-lto --enable-threads=posix --enable-target-optspace --enable-plugin --enable-gold --disable-nls --disable-multilib --with-local-prefix=/home/conda/feedstock_root/build_artifacts/ctng-compilers_1601678720612/work/gcc_built/x86_64-conda-linux-gnu/sysroot --enable-long-long --enable-default-pie]
  ignore line: [Thread model: posix]
  ignore line: [gcc version 7.5.0 (crosstool-NG 1.24.0.133_b0863d8_dirty) ]
  ignore line: [COMPILER_PATH=/opt/conda/bin/../libexec/gcc/x86_64-conda-linux-gnu/7.5.0/:/opt/conda/bin/../libexec/gcc/:/opt/conda/bin/../lib/gcc/x86_64-conda-linux-gnu/7.5.0/../../../../x86_64-conda-linux-gnu/bin/]
  ignore line: [LIBRARY_PATH=/opt/conda/bin/../lib/gcc/x86_64-conda-linux-gnu/7.5.0/:/opt/conda/bin/../lib/gcc/:/opt/conda/bin/../lib/gcc/x86_64-conda-linux-gnu/7.5.0/../../../../x86_64-conda-linux-gnu/lib/../lib/:/opt/conda/bin/../x86_64-conda-linux-gnu/sysroot/lib/../lib/:/opt/conda/bin/../x86_64-conda-linux-gnu/sysroot/usr/lib/../lib/:/opt/conda/bin/../lib/gcc/x86_64-conda-linux-gnu/7.5.0/../../../../x86_64-conda-linux-gnu/lib/:/opt/conda/bin/../x86_64-conda-linux-gnu/sysroot/lib/:/opt/conda/bin/../x86_64-conda-linux-gnu/sysroot/usr/lib/]
  ignore line: [COLLECT_GCC_OPTIONS='-march=nocona' '-mtune=haswell' '-ftree-vectorize' '-fPIC' '-fstack-protector-strong' '-fno-plt' '-O2' '-ffunction-sections' '-pipe' '-isystem' '/opt/conda/include' '-L/opt/conda/lib' '-v' '-rdynamic' '-o' 'cmTC_4079f']
  link line: [ /opt/conda/bin/../libexec/gcc/x86_64-conda-linux-gnu/7.5.0/collect2 -plugin /opt/conda/bin/../libexec/gcc/x86_64-conda-linux-gnu/7.5.0/liblto_plugin.so -plugin-opt=/opt/conda/bin/../libexec/gcc/x86_64-conda-linux-gnu/7.5.0/lto-wrapper -plugin-opt=-fresolution=/tmp/ccK0Mv65.res -plugin-opt=-pass-through=-lgcc -plugin-opt=-pass-through=-lgcc_s -plugin-opt=-pass-through=-lc -plugin-opt=-pass-through=-lgcc -plugin-opt=-pass-through=-lgcc_s --sysroot=/opt/conda/bin/../x86_64-conda-linux-gnu/sysroot --eh-frame-hdr -m elf_x86_64 -export-dynamic -dynamic-linker /lib64/ld-linux-x86-64.so.2 -pie -o cmTC_4079f /opt/conda/bin/../x86_64-conda-linux-gnu/sysroot/usr/lib/../lib/Scrt1.o /opt/conda/bin/../x86_64-conda-linux-gnu/sysroot/usr/lib/../lib/crti.o /opt/conda/bin/../lib/gcc/x86_64-conda-linux-gnu/7.5.0/crtbeginS.o -L/opt/conda/lib -L/opt/conda/bin/../lib/gcc/x86_64-conda-linux-gnu/7.5.0 -L/opt/conda/bin/../lib/gcc -L/opt/conda/bin/../lib/gcc/x86_64-conda-linux-gnu/7.5.0/../../../../x86_64-conda-linux-gnu/lib/../lib -L/opt/conda/bin/../x86_64-conda-linux-gnu/sysroot/lib/../lib -L/opt/conda/bin/../x86_64-conda-linux-gnu/sysroot/usr/lib/../lib -L/opt/conda/bin/../lib/gcc/x86_64-conda-linux-gnu/7.5.0/../../../../x86_64-conda-linux-gnu/lib -L/opt/conda/bin/../x86_64-conda-linux-gnu/sysroot/lib -L/opt/conda/bin/../x86_64-conda-linux-gnu/sysroot/usr/lib -rpath /opt/conda/lib -O2 --sort-common --as-needed -z relro -z now --disable-new-dtags --gc-sections -rpath /opt/conda/lib -rpath-link /opt/conda/lib CMakeFiles/cmTC_4079f.dir/CMakeCCompilerABI.c.o -lgcc --as-needed -lgcc_s --no-as-needed -lc -lgcc --as-needed -lgcc_s --no-as-needed /opt/conda/bin/../lib/gcc/x86_64-conda-linux-gnu/7.5.0/crtendS.o /opt/conda/bin/../x86_64-conda-linux-gnu/sysroot/usr/lib/../lib/crtn.o]
    arg [/opt/conda/bin/../libexec/gcc/x86_64-conda-linux-gnu/7.5.0/collect2] ==> ignore
    arg [-plugin] ==> ignore
    arg [/opt/conda/bin/../libexec/gcc/x86_64-conda-linux-gnu/7.5.0/liblto_plugin.so] ==> ignore
    arg [-plugin-opt=/opt/conda/bin/../libexec/gcc/x86_64-conda-linux-gnu/7.5.0/lto-wrapper] ==> ignore
    arg [-plugin-opt=-fresolution=/tmp/ccK0Mv65.res] ==> ignore
    arg [-plugin-opt=-pass-through=-lgcc] ==> ignore
    arg [-plugin-opt=-pass-through=-lgcc_s] ==> ignore
    arg [-plugin-opt=-pass-through=-lc] ==> ignore
    arg [-plugin-opt=-pass-through=-lgcc] ==> ignore
    arg [-plugin-opt=-pass-through=-lgcc_s] ==> ignore
    arg [--sysroot=/opt/conda/bin/../x86_64-conda-linux-gnu/sysroot] ==> ignore
    arg [--eh-frame-hdr] ==> ignore
    arg [-m] ==> ignore
    arg [elf_x86_64] ==> ignore
    arg [-export-dynamic] ==> ignore
    arg [-dynamic-linker] ==> ignore
    arg [/lib64/ld-linux-x86-64.so.2] ==> ignore
    arg [-pie] ==> ignore
    arg [-o] ==> ignore
    arg [cmTC_4079f] ==> ignore
    arg [/opt/conda/bin/../x86_64-conda-linux-gnu/sysroot/usr/lib/../lib/Scrt1.o] ==> ignore
    arg [/opt/conda/bin/../x86_64-conda-linux-gnu/sysroot/usr/lib/../lib/crti.o] ==> ignore
    arg [/opt/conda/bin/../lib/gcc/x86_64-conda-linux-gnu/7.5.0/crtbeginS.o] ==> ignore
    arg [-L/opt/conda/lib] ==> dir [/opt/conda/lib]
    arg [-L/opt/conda/bin/../lib/gcc/x86_64-conda-linux-gnu/7.5.0] ==> dir [/opt/conda/bin/../lib/gcc/x86_64-conda-linux-gnu/7.5.0]
    arg [-L/opt/conda/bin/../lib/gcc] ==> dir [/opt/conda/bin/../lib/gcc]
    arg [-L/opt/conda/bin/../lib/gcc/x86_64-conda-linux-gnu/7.5.0/../../../../x86_64-conda-linux-gnu/lib/../lib] ==> dir [/opt/conda/bin/../lib/gcc/x86_64-conda-linux-gnu/7.5.0/../../../../x86_64-conda-linux-gnu/lib/../lib]
    arg [-L/opt/conda/bin/../x86_64-conda-linux-gnu/sysroot/lib/../lib] ==> dir [/opt/conda/bin/../x86_64-conda-linux-gnu/sysroot/lib/../lib]
    arg [-L/opt/conda/bin/../x86_64-conda-linux-gnu/sysroot/usr/lib/../lib] ==> dir [/opt/conda/bin/../x86_64-conda-linux-gnu/sysroot/usr/lib/../lib]
    arg [-L/opt/conda/bin/../lib/gcc/x86_64-conda-linux-gnu/7.5.0/../../../../x86_64-conda-linux-gnu/lib] ==> dir [/opt/conda/bin/../lib/gcc/x86_64-conda-linux-gnu/7.5.0/../../../../x86_64-conda-linux-gnu/lib]
    arg [-L/opt/conda/bin/../x86_64-conda-linux-gnu/sysroot/lib] ==> dir [/opt/conda/bin/../x86_64-conda-linux-gnu/sysroot/lib]
    arg [-L/opt/conda/bin/../x86_64-conda-linux-gnu/sysroot/usr/lib] ==> dir [/opt/conda/bin/../x86_64-conda-linux-gnu/sysroot/usr/lib]
    arg [-rpath] ==> ignore
    arg [/opt/conda/lib] ==> ignore
    arg [-O2] ==> ignore
    arg [--sort-common] ==> ignore
    arg [--as-needed] ==> ignore
    arg [-zrelro] ==> ignore
    arg [-znow] ==> ignore
    arg [--disable-new-dtags] ==> ignore
    arg [--gc-sections] ==> ignore
    arg [-rpath] ==> ignore
    arg [/opt/conda/lib] ==> ignore
    arg [-rpath-link] ==> ignore
    arg [/opt/conda/lib] ==> ignore
    arg [CMakeFiles/cmTC_4079f.dir/CMakeCCompilerABI.c.o] ==> ignore
    arg [-lgcc] ==> lib [gcc]
    arg [--as-needed] ==> ignore
    arg [-lgcc_s] ==> lib [gcc_s]
    arg [--no-as-needed] ==> ignore
    arg [-lc] ==> lib [c]
    arg [-lgcc] ==> lib [gcc]
    arg [--as-needed] ==> ignore
    arg [-lgcc_s] ==> lib [gcc_s]
    arg [--no-as-needed] ==> ignore
    arg [/opt/conda/bin/../lib/gcc/x86_64-conda-linux-gnu/7.5.0/crtendS.o] ==> ignore
    arg [/opt/conda/bin/../x86_64-conda-linux-gnu/sysroot/usr/lib/../lib/crtn.o] ==> ignore
  collapse library dir [/opt/conda/lib] ==> [/opt/conda/lib]
  collapse library dir [/opt/conda/bin/../lib/gcc/x86_64-conda-linux-gnu/7.5.0] ==> [/opt/conda/lib/gcc/x86_64-conda-linux-gnu/7.5.0]
  collapse library dir [/opt/conda/bin/../lib/gcc] ==> [/opt/conda/lib/gcc]
  collapse library dir [/opt/conda/bin/../lib/gcc/x86_64-conda-linux-gnu/7.5.0/../../../../x86_64-conda-linux-gnu/lib/../lib] ==> [/opt/conda/x86_64-conda-linux-gnu/lib]
  collapse library dir [/opt/conda/bin/../x86_64-conda-linux-gnu/sysroot/lib/../lib] ==> [/opt/conda/x86_64-conda-linux-gnu/sysroot/lib]
  collapse library dir [/opt/conda/bin/../x86_64-conda-linux-gnu/sysroot/usr/lib/../lib] ==> [/opt/conda/x86_64-conda-linux-gnu/sysroot/usr/lib]
  collapse library dir [/opt/conda/bin/../lib/gcc/x86_64-conda-linux-gnu/7.5.0/../../../../x86_64-conda-linux-gnu/lib] ==> [/opt/conda/x86_64-conda-linux-gnu/lib]
  collapse library dir [/opt/conda/bin/../x86_64-conda-linux-gnu/sysroot/lib] ==> [/opt/conda/x86_64-conda-linux-gnu/sysroot/lib]
  collapse library dir [/opt/conda/bin/../x86_64-conda-linux-gnu/sysroot/usr/lib] ==> [/opt/conda/x86_64-conda-linux-gnu/sysroot/usr/lib]
  implicit libs: [gcc;gcc_s;c;gcc;gcc_s]
  implicit dirs: [/opt/conda/lib;/opt/conda/lib/gcc/x86_64-conda-linux-gnu/7.5.0;/opt/conda/lib/gcc;/opt/conda/x86_64-conda-linux-gnu/lib;/opt/conda/x86_64-conda-linux-gnu/sysroot/lib;/opt/conda/x86_64-conda-linux-gnu/sysroot/usr/lib]
  implicit fwks: []




Detecting C [-std=c11] compiler features compiled with the following output:
Change Dir: /home/jovyan/local/1_user/hgoh@agilesoda.ai/TwinReader/CRAFT/utils/cpp_bindings/build/CMakeFiles/CMakeTmp

Run Build Command:"/opt/conda/bin/make" "cmTC_4753e/fast"
/opt/conda/bin/make -f CMakeFiles/cmTC_4753e.dir/build.make CMakeFiles/cmTC_4753e.dir/build
make[1]: Entering directory '/home/jovyan/local/1_user/hgoh@agilesoda.ai/TwinReader/CRAFT/utils/cpp_bindings/build/CMakeFiles/CMakeTmp'
Building C object CMakeFiles/cmTC_4753e.dir/feature_tests.c.o
/opt/conda/bin/x86_64-conda-linux-gnu-cc   -march=nocona -mtune=haswell -ftree-vectorize -fPIC -fstack-protector-strong -fno-plt -O2 -ffunction-sections -pipe -isystem /opt/conda/include    -std=c11 -o CMakeFiles/cmTC_4753e.dir/feature_tests.c.o   -c /home/jovyan/local/1_user/hgoh@agilesoda.ai/TwinReader/CRAFT/utils/cpp_bindings/build/CMakeFiles/feature_tests.c
Linking C executable cmTC_4753e
/usr/bin/cmake -E cmake_link_script CMakeFiles/cmTC_4753e.dir/link.txt --verbose=1
/opt/conda/bin/x86_64-conda-linux-gnu-cc -march=nocona -mtune=haswell -ftree-vectorize -fPIC -fstack-protector-strong -fno-plt -O2 -ffunction-sections -pipe -isystem /opt/conda/include   -Wl,-O2 -Wl,--sort-common -Wl,--as-needed -Wl,-z,relro -Wl,-z,now -Wl,--disable-new-dtags -Wl,--gc-sections -Wl,-rpath,/opt/conda/lib -Wl,-rpath-link,/opt/conda/lib -L/opt/conda/lib  -rdynamic CMakeFiles/cmTC_4753e.dir/feature_tests.c.o  -o cmTC_4753e 
make[1]: Leaving directory '/home/jovyan/local/1_user/hgoh@agilesoda.ai/TwinReader/CRAFT/utils/cpp_bindings/build/CMakeFiles/CMakeTmp'


    Feature record: C_FEATURE:1c_function_prototypes
    Feature record: C_FEATURE:1c_restrict
    Feature record: C_FEATURE:1c_static_assert
    Feature record: C_FEATURE:1c_variadic_macros


Detecting C [-std=c99] compiler features compiled with the following output:
Change Dir: /home/jovyan/local/1_user/hgoh@agilesoda.ai/TwinReader/CRAFT/utils/cpp_bindings/build/CMakeFiles/CMakeTmp

Run Build Command:"/opt/conda/bin/make" "cmTC_809ee/fast"
/opt/conda/bin/make -f CMakeFiles/cmTC_809ee.dir/build.make CMakeFiles/cmTC_809ee.dir/build
make[1]: Entering directory '/home/jovyan/local/1_user/hgoh@agilesoda.ai/TwinReader/CRAFT/utils/cpp_bindings/build/CMakeFiles/CMakeTmp'
Building C object CMakeFiles/cmTC_809ee.dir/feature_tests.c.o
/opt/conda/bin/x86_64-conda-linux-gnu-cc   -march=nocona -mtune=haswell -ftree-vectorize -fPIC -fstack-protector-strong -fno-plt -O2 -ffunction-sections -pipe -isystem /opt/conda/include    -std=c99 -o CMakeFiles/cmTC_809ee.dir/feature_tests.c.o   -c /home/jovyan/local/1_user/hgoh@agilesoda.ai/TwinReader/CRAFT/utils/cpp_bindings/build/CMakeFiles/feature_tests.c
Linking C executable cmTC_809ee
/usr/bin/cmake -E cmake_link_script CMakeFiles/cmTC_809ee.dir/link.txt --verbose=1
/opt/conda/bin/x86_64-conda-linux-gnu-cc -march=nocona -mtune=haswell -ftree-vectorize -fPIC -fstack-protector-strong -fno-plt -O2 -ffunction-sections -pipe -isystem /opt/conda/include   -Wl,-O2 -Wl,--sort-common -Wl,--as-needed -Wl,-z,relro -Wl,-z,now -Wl,--disable-new-dtags -Wl,--gc-sections -Wl,-rpath,/opt/conda/lib -Wl,-rpath-link,/opt/conda/lib -L/opt/conda/lib  -rdynamic CMakeFiles/cmTC_809ee.dir/feature_tests.c.o  -o cmTC_809ee 
make[1]: Leaving directory '/home/jovyan/local/1_user/hgoh@agilesoda.ai/TwinReader/CRAFT/utils/cpp_bindings/build/CMakeFiles/CMakeTmp'


    Feature record: C_FEATURE:1c_function_prototypes
    Feature record: C_FEATURE:1c_restrict
    Feature record: C_FEATURE:0c_static_assert
    Feature record: C_FEATURE:1c_variadic_macros


Detecting C [-std=c90] compiler features compiled with the following output:
Change Dir: /home/jovyan/local/1_user/hgoh@agilesoda.ai/TwinReader/CRAFT/utils/cpp_bindings/build/CMakeFiles/CMakeTmp

Run Build Command:"/opt/conda/bin/make" "cmTC_ac1d7/fast"
/opt/conda/bin/make -f CMakeFiles/cmTC_ac1d7.dir/build.make CMakeFiles/cmTC_ac1d7.dir/build
make[1]: Entering directory '/home/jovyan/local/1_user/hgoh@agilesoda.ai/TwinReader/CRAFT/utils/cpp_bindings/build/CMakeFiles/CMakeTmp'
Building C object CMakeFiles/cmTC_ac1d7.dir/feature_tests.c.o
/opt/conda/bin/x86_64-conda-linux-gnu-cc   -march=nocona -mtune=haswell -ftree-vectorize -fPIC -fstack-protector-strong -fno-plt -O2 -ffunction-sections -pipe -isystem /opt/conda/include    -std=c90 -o CMakeFiles/cmTC_ac1d7.dir/feature_tests.c.o   -c /home/jovyan/local/1_user/hgoh@agilesoda.ai/TwinReader/CRAFT/utils/cpp_bindings/build/CMakeFiles/feature_tests.c
Linking C executable cmTC_ac1d7
/usr/bin/cmake -E cmake_link_script CMakeFiles/cmTC_ac1d7.dir/link.txt --verbose=1
/opt/conda/bin/x86_64-conda-linux-gnu-cc -march=nocona -mtune=haswell -ftree-vectorize -fPIC -fstack-protector-strong -fno-plt -O2 -ffunction-sections -pipe -isystem /opt/conda/include   -Wl,-O2 -Wl,--sort-common -Wl,--as-needed -Wl,-z,relro -Wl,-z,now -Wl,--disable-new-dtags -Wl,--gc-sections -Wl,-rpath,/opt/conda/lib -Wl,-rpath-link,/opt/conda/lib -L/opt/conda/lib  -rdynamic CMakeFiles/cmTC_ac1d7.dir/feature_tests.c.o  -o cmTC_ac1d7 
make[1]: Leaving directory '/home/jovyan/local/1_user/hgoh@agilesoda.ai/TwinReader/CRAFT/utils/cpp_bindings/build/CMakeFiles/CMakeTmp'


    Feature record: C_FEATURE:1c_function_prototypes
    Feature record: C_FEATURE:0c_restrict
    Feature record: C_FEATURE:0c_static_assert
    Feature record: C_FEATURE:0c_variadic_macros
Determining if the CXX compiler works passed with the following output:
Change Dir: /home/jovyan/local/1_user/hgoh@agilesoda.ai/TwinReader/CRAFT/utils/cpp_bindings/build/CMakeFiles/CMakeTmp

Run Build Command:"/opt/conda/bin/make" "cmTC_531fa/fast"
/opt/conda/bin/make -f CMakeFiles/cmTC_531fa.dir/build.make CMakeFiles/cmTC_531fa.dir/build
make[1]: Entering directory '/home/jovyan/local/1_user/hgoh@agilesoda.ai/TwinReader/CRAFT/utils/cpp_bindings/build/CMakeFiles/CMakeTmp'
Building CXX object CMakeFiles/cmTC_531fa.dir/testCXXCompiler.cxx.o
/opt/conda/bin/x86_64-conda-linux-gnu-c++    -fvisibility-inlines-hidden -std=c++17 -fmessage-length=0 -march=nocona -mtune=haswell -ftree-vectorize -fPIC -fstack-protector-strong -fno-plt -O2 -ffunction-sections -pipe -isystem /opt/conda/include    -o CMakeFiles/cmTC_531fa.dir/testCXXCompiler.cxx.o -c /home/jovyan/local/1_user/hgoh@agilesoda.ai/TwinReader/CRAFT/utils/cpp_bindings/build/CMakeFiles/CMakeTmp/testCXXCompiler.cxx
Linking CXX executable cmTC_531fa
/usr/bin/cmake -E cmake_link_script CMakeFiles/cmTC_531fa.dir/link.txt --verbose=1
/opt/conda/bin/x86_64-conda-linux-gnu-c++  -fvisibility-inlines-hidden -std=c++17 -fmessage-length=0 -march=nocona -mtune=haswell -ftree-vectorize -fPIC -fstack-protector-strong -fno-plt -O2 -ffunction-sections -pipe -isystem /opt/conda/include   -Wl,-O2 -Wl,--sort-common -Wl,--as-needed -Wl,-z,relro -Wl,-z,now -Wl,--disable-new-dtags -Wl,--gc-sections -Wl,-rpath,/opt/conda/lib -Wl,-rpath-link,/opt/conda/lib -L/opt/conda/lib  -rdynamic CMakeFiles/cmTC_531fa.dir/testCXXCompiler.cxx.o  -o cmTC_531fa 
make[1]: Leaving directory '/home/jovyan/local/1_user/hgoh@agilesoda.ai/TwinReader/CRAFT/utils/cpp_bindings/build/CMakeFiles/CMakeTmp'


Detecting CXX compiler ABI info compiled with the following output:
Change Dir: /home/jovyan/local/1_user/hgoh@agilesoda.ai/TwinReader/CRAFT/utils/cpp_bindings/build/CMakeFiles/CMakeTmp

Run Build Command:"/opt/conda/bin/make" "cmTC_2d259/fast"
/opt/conda/bin/make -f CMakeFiles/cmTC_2d259.dir/build.make CMakeFiles/cmTC_2d259.dir/build
make[1]: Entering directory '/home/jovyan/local/1_user/hgoh@agilesoda.ai/TwinReader/CRAFT/utils/cpp_bindings/build/CMakeFiles/CMakeTmp'
Building CXX object CMakeFiles/cmTC_2d259.dir/CMakeCXXCompilerABI.cpp.o
/opt/conda/bin/x86_64-conda-linux-gnu-c++    -fvisibility-inlines-hidden -std=c++17 -fmessage-length=0 -march=nocona -mtune=haswell -ftree-vectorize -fPIC -fstack-protector-strong -fno-plt -O2 -ffunction-sections -pipe -isystem /opt/conda/include    -o CMakeFiles/cmTC_2d259.dir/CMakeCXXCompilerABI.cpp.o -c /usr/share/cmake-3.10/Modules/CMakeCXXCompilerABI.cpp
Linking CXX executable cmTC_2d259
/usr/bin/cmake -E cmake_link_script CMakeFiles/cmTC_2d259.dir/link.txt --verbose=1
/opt/conda/bin/x86_64-conda-linux-gnu-c++  -fvisibility-inlines-hidden -std=c++17 -fmessage-length=0 -march=nocona -mtune=haswell -ftree-vectorize -fPIC -fstack-protector-strong -fno-plt -O2 -ffunction-sections -pipe -isystem /opt/conda/include   -Wl,-O2 -Wl,--sort-common -Wl,--as-needed -Wl,-z,relro -Wl,-z,now -Wl,--disable-new-dtags -Wl,--gc-sections -Wl,-rpath,/opt/conda/lib -Wl,-rpath-link,/opt/conda/lib -L/opt/conda/lib -v -rdynamic CMakeFiles/cmTC_2d259.dir/CMakeCXXCompilerABI.cpp.o  -o cmTC_2d259 
Reading specs from /opt/conda/bin/../lib/gcc/x86_64-conda-linux-gnu/7.5.0/specs
COLLECT_GCC=/opt/conda/bin/x86_64-conda-linux-gnu-c++
COLLECT_LTO_WRAPPER=/opt/conda/bin/../libexec/gcc/x86_64-conda-linux-gnu/7.5.0/lto-wrapper
Target: x86_64-conda-linux-gnu
Configured with: /home/conda/feedstock_root/build_artifacts/ctng-compilers_1601678720612/work/.build/x86_64-conda-linux-gnu/src/gcc/configure --build=x86_64-build_pc-linux-gnu --host=x86_64-build_pc-linux-gnu --target=x86_64-conda-linux-gnu --prefix=/home/conda/feedstock_root/build_artifacts/ctng-compilers_1601678720612/work/gcc_built --with-sysroot=/home/conda/feedstock_root/build_artifacts/ctng-compilers_1601678720612/work/gcc_built/x86_64-conda-linux-gnu/sysroot --enable-languages=c,c++,fortran,objc,obj-c++ --with-pkgversion='crosstool-NG 1.24.0.133_b0863d8_dirty' --enable-__cxa_atexit --disable-libmudflap --enable-libgomp --disable-libssp --enable-libquadmath --enable-libquadmath-support --enable-libsanitizer --enable-libmpx --with-gmp=/home/conda/feedstock_root/build_artifacts/ctng-compilers_1601678720612/work/.build/x86_64-conda-linux-gnu/buildtools --with-mpfr=/home/conda/feedstock_root/build_artifacts/ctng-compilers_1601678720612/work/.build/x86_64-conda-linux-gnu/buildtools --with-mpc=/home/conda/feedstock_root/build_artifacts/ctng-compilers_1601678720612/work/.build/x86_64-conda-linux-gnu/buildtools --with-isl=/home/conda/feedstock_root/build_artifacts/ctng-compilers_1601678720612/work/.build/x86_64-conda-linux-gnu/buildtools --enable-lto --enable-threads=posix --enable-target-optspace --enable-plugin --enable-gold --disable-nls --disable-multilib --with-local-prefix=/home/conda/feedstock_root/build_artifacts/ctng-compilers_1601678720612/work/gcc_built/x86_64-conda-linux-gnu/sysroot --enable-long-long --enable-default-pie
Thread model: posix
gcc version 7.5.0 (crosstool-NG 1.24.0.133_b0863d8_dirty) 
COMPILER_PATH=/opt/conda/bin/../libexec/gcc/x86_64-conda-linux-gnu/7.5.0/:/opt/conda/bin/../libexec/gcc/:/opt/conda/bin/../lib/gcc/x86_64-conda-linux-gnu/7.5.0/../../../../x86_64-conda-linux-gnu/bin/
LIBRARY_PATH=/opt/conda/bin/../lib/gcc/x86_64-conda-linux-gnu/7.5.0/:/opt/conda/bin/../lib/gcc/:/opt/conda/bin/../lib/gcc/x86_64-conda-linux-gnu/7.5.0/../../../../x86_64-conda-linux-gnu/lib/../lib/:/opt/conda/bin/../x86_64-conda-linux-gnu/sysroot/lib/../lib/:/opt/conda/bin/../x86_64-conda-linux-gnu/sysroot/usr/lib/../lib/:/opt/conda/bin/../lib/gcc/x86_64-conda-linux-gnu/7.5.0/../../../../x86_64-conda-linux-gnu/lib/:/opt/conda/bin/../x86_64-conda-linux-gnu/sysroot/lib/:/opt/conda/bin/../x86_64-conda-linux-gnu/sysroot/usr/lib/
COLLECT_GCC_OPTIONS='-fvisibility-inlines-hidden' '-std=c++1z' '-fmessage-length=0' '-march=nocona' '-mtune=haswell' '-ftree-vectorize' '-fPIC' '-fstack-protector-strong' '-fno-plt' '-O2' '-ffunction-sections' '-pipe' '-isystem' '/opt/conda/include' '-L/opt/conda/lib' '-v' '-rdynamic' '-o' 'cmTC_2d259' '-shared-libgcc'
 /opt/conda/bin/../libexec/gcc/x86_64-conda-linux-gnu/7.5.0/collect2 -plugin /opt/conda/bin/../libexec/gcc/x86_64-conda-linux-gnu/7.5.0/liblto_plugin.so -plugin-opt=/opt/conda/bin/../libexec/gcc/x86_64-conda-linux-gnu/7.5.0/lto-wrapper -plugin-opt=-fresolution=/tmp/cck2XEVS.res -plugin-opt=-pass-through=-lgcc_s -plugin-opt=-pass-through=-lgcc -plugin-opt=-pass-through=-lc -plugin-opt=-pass-through=-lgcc_s -plugin-opt=-pass-through=-lgcc --sysroot=/opt/conda/bin/../x86_64-conda-linux-gnu/sysroot --eh-frame-hdr -m elf_x86_64 -export-dynamic -dynamic-linker /lib64/ld-linux-x86-64.so.2 -pie -o cmTC_2d259 /opt/conda/bin/../x86_64-conda-linux-gnu/sysroot/usr/lib/../lib/Scrt1.o /opt/conda/bin/../x86_64-conda-linux-gnu/sysroot/usr/lib/../lib/crti.o /opt/conda/bin/../lib/gcc/x86_64-conda-linux-gnu/7.5.0/crtbeginS.o -L/opt/conda/lib -L/opt/conda/bin/../lib/gcc/x86_64-conda-linux-gnu/7.5.0 -L/opt/conda/bin/../lib/gcc -L/opt/conda/bin/../lib/gcc/x86_64-conda-linux-gnu/7.5.0/../../../../x86_64-conda-linux-gnu/lib/../lib -L/opt/conda/bin/../x86_64-conda-linux-gnu/sysroot/lib/../lib -L/opt/conda/bin/../x86_64-conda-linux-gnu/sysroot/usr/lib/../lib -L/opt/conda/bin/../lib/gcc/x86_64-conda-linux-gnu/7.5.0/../../../../x86_64-conda-linux-gnu/lib -L/opt/conda/bin/../x86_64-conda-linux-gnu/sysroot/lib -L/opt/conda/bin/../x86_64-conda-linux-gnu/sysroot/usr/lib -rpath /opt/conda/lib -O2 --sort-common --as-needed -z relro -z now --disable-new-dtags --gc-sections -rpath /opt/conda/lib -rpath-link /opt/conda/lib CMakeFiles/cmTC_2d259.dir/CMakeCXXCompilerABI.cpp.o -lstdc++ -lm -lgcc_s -lgcc -lc -lgcc_s -lgcc /opt/conda/bin/../lib/gcc/x86_64-conda-linux-gnu/7.5.0/crtendS.o /opt/conda/bin/../x86_64-conda-linux-gnu/sysroot/usr/lib/../lib/crtn.o
COLLECT_GCC_OPTIONS='-fvisibility-inlines-hidden' '-std=c++1z' '-fmessage-length=0' '-march=nocona' '-mtune=haswell' '-ftree-vectorize' '-fPIC' '-fstack-protector-strong' '-fno-plt' '-O2' '-ffunction-sections' '-pipe' '-isystem' '/opt/conda/include' '-L/opt/conda/lib' '-v' '-rdynamic' '-o' 'cmTC_2d259' '-shared-libgcc'
make[1]: Leaving directory '/home/jovyan/local/1_user/hgoh@agilesoda.ai/TwinReader/CRAFT/utils/cpp_bindings/build/CMakeFiles/CMakeTmp'


Parsed CXX implicit link information from above output:
  link line regex: [^( *|.*[/\])(ld|CMAKE_LINK_STARTFILE-NOTFOUND|([^/\]+-)?ld|collect2)[^/\]*( |$)]
  ignore line: [Change Dir: /home/jovyan/local/1_user/hgoh@agilesoda.ai/TwinReader/CRAFT/utils/cpp_bindings/build/CMakeFiles/CMakeTmp]
  ignore line: []
  ignore line: [Run Build Command:"/opt/conda/bin/make" "cmTC_2d259/fast"]
  ignore line: [/opt/conda/bin/make -f CMakeFiles/cmTC_2d259.dir/build.make CMakeFiles/cmTC_2d259.dir/build]
  ignore line: [make[1]: Entering directory '/home/jovyan/local/1_user/hgoh@agilesoda.ai/TwinReader/CRAFT/utils/cpp_bindings/build/CMakeFiles/CMakeTmp']
  ignore line: [Building CXX object CMakeFiles/cmTC_2d259.dir/CMakeCXXCompilerABI.cpp.o]
  ignore line: [/opt/conda/bin/x86_64-conda-linux-gnu-c++    -fvisibility-inlines-hidden -std=c++17 -fmessage-length=0 -march=nocona -mtune=haswell -ftree-vectorize -fPIC -fstack-protector-strong -fno-plt -O2 -ffunction-sections -pipe -isystem /opt/conda/include    -o CMakeFiles/cmTC_2d259.dir/CMakeCXXCompilerABI.cpp.o -c /usr/share/cmake-3.10/Modules/CMakeCXXCompilerABI.cpp]
  ignore line: [Linking CXX executable cmTC_2d259]
  ignore line: [/usr/bin/cmake -E cmake_link_script CMakeFiles/cmTC_2d259.dir/link.txt --verbose=1]
  ignore line: [/opt/conda/bin/x86_64-conda-linux-gnu-c++  -fvisibility-inlines-hidden -std=c++17 -fmessage-length=0 -march=nocona -mtune=haswell -ftree-vectorize -fPIC -fstack-protector-strong -fno-plt -O2 -ffunction-sections -pipe -isystem /opt/conda/include   -Wl,-O2 -Wl,--sort-common -Wl,--as-needed -Wl,-z,relro -Wl,-z,now -Wl,--disable-new-dtags -Wl,--gc-sections -Wl,-rpath,/opt/conda/lib -Wl,-rpath-link,/opt/conda/lib -L/opt/conda/lib -v -rdynamic CMakeFiles/cmTC_2d259.dir/CMakeCXXCompilerABI.cpp.o  -o cmTC_2d259 ]
  ignore line: [Reading specs from /opt/conda/bin/../lib/gcc/x86_64-conda-linux-gnu/7.5.0/specs]
  ignore line: [COLLECT_GCC=/opt/conda/bin/x86_64-conda-linux-gnu-c++]
  ignore line: [COLLECT_LTO_WRAPPER=/opt/conda/bin/../libexec/gcc/x86_64-conda-linux-gnu/7.5.0/lto-wrapper]
  ignore line: [Target: x86_64-conda-linux-gnu]
  ignore line: [Configured with: /home/conda/feedstock_root/build_artifacts/ctng-compilers_1601678720612/work/.build/x86_64-conda-linux-gnu/src/gcc/configure --build=x86_64-build_pc-linux-gnu --host=x86_64-build_pc-linux-gnu --target=x86_64-conda-linux-gnu --prefix=/home/conda/feedstock_root/build_artifacts/ctng-compilers_1601678720612/work/gcc_built --with-sysroot=/home/conda/feedstock_root/build_artifacts/ctng-compilers_1601678720612/work/gcc_built/x86_64-conda-linux-gnu/sysroot --enable-languages=c,c++,fortran,objc,obj-c++ --with-pkgversion='crosstool-NG 1.24.0.133_b0863d8_dirty' --enable-__cxa_atexit --disable-libmudflap --enable-libgomp --disable-libssp --enable-libquadmath --enable-libquadmath-support --enable-libsanitizer --enable-libmpx --with-gmp=/home/conda/feedstock_root/build_artifacts/ctng-compilers_1601678720612/work/.build/x86_64-conda-linux-gnu/buildtools --with-mpfr=/home/conda/feedstock_root/build_artifacts/ctng-compilers_1601678720612/work/.build/x86_64-conda-linux-gnu/buildtools --with-mpc=/home/conda/feedstock_root/build_artifacts/ctng-compilers_1601678720612/work/.build/x86_64-conda-linux-gnu/buildtools --with-isl=/home/conda/feedstock_root/build_artifacts/ctng-compilers_1601678720612/work/.build/x86_64-conda-linux-gnu/buildtools --enable-lto --enable-threads=posix --enable-target-optspace --enable-plugin --enable-gold --disable-nls --disable-multilib --with-local-prefix=/home/conda/feedstock_root/build_artifacts/ctng-compilers_1601678720612/work/gcc_built/x86_64-conda-linux-gnu/sysroot --enable-long-long --enable-default-pie]
  ignore line: [Thread model: posix]
  ignore line: [gcc version 7.5.0 (crosstool-NG 1.24.0.133_b0863d8_dirty) ]
  ignore line: [COMPILER_PATH=/opt/conda/bin/../libexec/gcc/x86_64-conda-linux-gnu/7.5.0/:/opt/conda/bin/../libexec/gcc/:/opt/conda/bin/../lib/gcc/x86_64-conda-linux-gnu/7.5.0/../../../../x86_64-conda-linux-gnu/bin/]
  ignore line: [LIBRARY_PATH=/opt/conda/bin/../lib/gcc/x86_64-conda-linux-gnu/7.5.0/:/opt/conda/bin/../lib/gcc/:/opt/conda/bin/../lib/gcc/x86_64-conda-linux-gnu/7.5.0/../../../../x86_64-conda-linux-gnu/lib/../lib/:/opt/conda/bin/../x86_64-conda-linux-gnu/sysroot/lib/../lib/:/opt/conda/bin/../x86_64-conda-linux-gnu/sysroot/usr/lib/../lib/:/opt/conda/bin/../lib/gcc/x86_64-conda-linux-gnu/7.5.0/../../../../x86_64-conda-linux-gnu/lib/:/opt/conda/bin/../x86_64-conda-linux-gnu/sysroot/lib/:/opt/conda/bin/../x86_64-conda-linux-gnu/sysroot/usr/lib/]
  ignore line: [COLLECT_GCC_OPTIONS='-fvisibility-inlines-hidden' '-std=c++1z' '-fmessage-length=0' '-march=nocona' '-mtune=haswell' '-ftree-vectorize' '-fPIC' '-fstack-protector-strong' '-fno-plt' '-O2' '-ffunction-sections' '-pipe' '-isystem' '/opt/conda/include' '-L/opt/conda/lib' '-v' '-rdynamic' '-o' 'cmTC_2d259' '-shared-libgcc']
  link line: [ /opt/conda/bin/../libexec/gcc/x86_64-conda-linux-gnu/7.5.0/collect2 -plugin /opt/conda/bin/../libexec/gcc/x86_64-conda-linux-gnu/7.5.0/liblto_plugin.so -plugin-opt=/opt/conda/bin/../libexec/gcc/x86_64-conda-linux-gnu/7.5.0/lto-wrapper -plugin-opt=-fresolution=/tmp/cck2XEVS.res -plugin-opt=-pass-through=-lgcc_s -plugin-opt=-pass-through=-lgcc -plugin-opt=-pass-through=-lc -plugin-opt=-pass-through=-lgcc_s -plugin-opt=-pass-through=-lgcc --sysroot=/opt/conda/bin/../x86_64-conda-linux-gnu/sysroot --eh-frame-hdr -m elf_x86_64 -export-dynamic -dynamic-linker /lib64/ld-linux-x86-64.so.2 -pie -o cmTC_2d259 /opt/conda/bin/../x86_64-conda-linux-gnu/sysroot/usr/lib/../lib/Scrt1.o /opt/conda/bin/../x86_64-conda-linux-gnu/sysroot/usr/lib/../lib/crti.o /opt/conda/bin/../lib/gcc/x86_64-conda-linux-gnu/7.5.0/crtbeginS.o -L/opt/conda/lib -L/opt/conda/bin/../lib/gcc/x86_64-conda-linux-gnu/7.5.0 -L/opt/conda/bin/../lib/gcc -L/opt/conda/bin/../lib/gcc/x86_64-conda-linux-gnu/7.5.0/../../../../x86_64-conda-linux-gnu/lib/../lib -L/opt/conda/bin/../x86_64-conda-linux-gnu/sysroot/lib/../lib -L/opt/conda/bin/../x86_64-conda-linux-gnu/sysroot/usr/lib/../lib -L/opt/conda/bin/../lib/gcc/x86_64-conda-linux-gnu/7.5.0/../../../../x86_64-conda-linux-gnu/lib -L/opt/conda/bin/../x86_64-conda-linux-gnu/sysroot/lib -L/opt/conda/bin/../x86_64-conda-linux-gnu/sysroot/usr/lib -rpath /opt/conda/lib -O2 --sort-common --as-needed -z relro -z now --disable-new-dtags --gc-sections -rpath /opt/conda/lib -rpath-link /opt/conda/lib CMakeFiles/cmTC_2d259.dir/CMakeCXXCompilerABI.cpp.o -lstdc++ -lm -lgcc_s -lgcc -lc -lgcc_s -lgcc /opt/conda/bin/../lib/gcc/x86_64-conda-linux-gnu/7.5.0/crtendS.o /opt/conda/bin/../x86_64-conda-linux-gnu/sysroot/usr/lib/../lib/crtn.o]
    arg [/opt/conda/bin/../libexec/gcc/x86_64-conda-linux-gnu/7.5.0/collect2] ==> ignore
    arg [-plugin] ==> ignore
    arg [/opt/conda/bin/../libexec/gcc/x86_64-conda-linux-gnu/7.5.0/liblto_plugin.so] ==> ignore
    arg [-plugin-opt=/opt/conda/bin/../libexec/gcc/x86_64-conda-linux-gnu/7.5.0/lto-wrapper] ==> ignore
    arg [-plugin-opt=-fresolution=/tmp/cck2XEVS.res] ==> ignore
    arg [-plugin-opt=-pass-through=-lgcc_s] ==> ignore
    arg [-plugin-opt=-pass-through=-lgcc] ==> ignore
    arg [-plugin-opt=-pass-through=-lc] ==> ignore
    arg [-plugin-opt=-pass-through=-lgcc_s] ==> ignore
    arg [-plugin-opt=-pass-through=-lgcc] ==> ignore
    arg [--sysroot=/opt/conda/bin/../x86_64-conda-linux-gnu/sysroot] ==> ignore
    arg [--eh-frame-hdr] ==> ignore
    arg [-m] ==> ignore
    arg [elf_x86_64] ==> ignore
    arg [-export-dynamic] ==> ignore
    arg [-dynamic-linker] ==> ignore
    arg [/lib64/ld-linux-x86-64.so.2] ==> ignore
    arg [-pie] ==> ignore
    arg [-o] ==> ignore
    arg [cmTC_2d259] ==> ignore
    arg [/opt/conda/bin/../x86_64-conda-linux-gnu/sysroot/usr/lib/../lib/Scrt1.o] ==> ignore
    arg [/opt/conda/bin/../x86_64-conda-linux-gnu/sysroot/usr/lib/../lib/crti.o] ==> ignore
    arg [/opt/conda/bin/../lib/gcc/x86_64-conda-linux-gnu/7.5.0/crtbeginS.o] ==> ignore
    arg [-L/opt/conda/lib] ==> dir [/opt/conda/lib]
    arg [-L/opt/conda/bin/../lib/gcc/x86_64-conda-linux-gnu/7.5.0] ==> dir [/opt/conda/bin/../lib/gcc/x86_64-conda-linux-gnu/7.5.0]
    arg [-L/opt/conda/bin/../lib/gcc] ==> dir [/opt/conda/bin/../lib/gcc]
    arg [-L/opt/conda/bin/../lib/gcc/x86_64-conda-linux-gnu/7.5.0/../../../../x86_64-conda-linux-gnu/lib/../lib] ==> dir [/opt/conda/bin/../lib/gcc/x86_64-conda-linux-gnu/7.5.0/../../../../x86_64-conda-linux-gnu/lib/../lib]
    arg [-L/opt/conda/bin/../x86_64-conda-linux-gnu/sysroot/lib/../lib] ==> dir [/opt/conda/bin/../x86_64-conda-linux-gnu/sysroot/lib/../lib]
    arg [-L/opt/conda/bin/../x86_64-conda-linux-gnu/sysroot/usr/lib/../lib] ==> dir [/opt/conda/bin/../x86_64-conda-linux-gnu/sysroot/usr/lib/../lib]
    arg [-L/opt/conda/bin/../lib/gcc/x86_64-conda-linux-gnu/7.5.0/../../../../x86_64-conda-linux-gnu/lib] ==> dir [/opt/conda/bin/../lib/gcc/x86_64-conda-linux-gnu/7.5.0/../../../../x86_64-conda-linux-gnu/lib]
    arg [-L/opt/conda/bin/../x86_64-conda-linux-gnu/sysroot/lib] ==> dir [/opt/conda/bin/../x86_64-conda-linux-gnu/sysroot/lib]
    arg [-L/opt/conda/bin/../x86_64-conda-linux-gnu/sysroot/usr/lib] ==> dir [/opt/conda/bin/../x86_64-conda-linux-gnu/sysroot/usr/lib]
    arg [-rpath] ==> ignore
    arg [/opt/conda/lib] ==> ignore
    arg [-O2] ==> ignore
    arg [--sort-common] ==> ignore
    arg [--as-needed] ==> ignore
    arg [-zrelro] ==> ignore
    arg [-znow] ==> ignore
    arg [--disable-new-dtags] ==> ignore
    arg [--gc-sections] ==> ignore
    arg [-rpath] ==> ignore
    arg [/opt/conda/lib] ==> ignore
    arg [-rpath-link] ==> ignore
    arg [/opt/conda/lib] ==> ignore
    arg [CMakeFiles/cmTC_2d259.dir/CMakeCXXCompilerABI.cpp.o] ==> ignore
    arg [-lstdc++] ==> lib [stdc++]
    arg [-lm] ==> lib [m]
    arg [-lgcc_s] ==> lib [gcc_s]
    arg [-lgcc] ==> lib [gcc]
    arg [-lc] ==> lib [c]
    arg [-lgcc_s] ==> lib [gcc_s]
    arg [-lgcc] ==> lib [gcc]
    arg [/opt/conda/bin/../lib/gcc/x86_64-conda-linux-gnu/7.5.0/crtendS.o] ==> ignore
    arg [/opt/conda/bin/../x86_64-conda-linux-gnu/sysroot/usr/lib/../lib/crtn.o] ==> ignore
  collapse library dir [/opt/conda/lib] ==> [/opt/conda/lib]
  collapse library dir [/opt/conda/bin/../lib/gcc/x86_64-conda-linux-gnu/7.5.0] ==> [/opt/conda/lib/gcc/x86_64-conda-linux-gnu/7.5.0]
  collapse library dir [/opt/conda/bin/../lib/gcc] ==> [/opt/conda/lib/gcc]
  collapse library dir [/opt/conda/bin/../lib/gcc/x86_64-conda-linux-gnu/7.5.0/../../../../x86_64-conda-linux-gnu/lib/../lib] ==> [/opt/conda/x86_64-conda-linux-gnu/lib]
  collapse library dir [/opt/conda/bin/../x86_64-conda-linux-gnu/sysroot/lib/../lib] ==> [/opt/conda/x86_64-conda-linux-gnu/sysroot/lib]
  collapse library dir [/opt/conda/bin/../x86_64-conda-linux-gnu/sysroot/usr/lib/../lib] ==> [/opt/conda/x86_64-conda-linux-gnu/sysroot/usr/lib]
  collapse library dir [/opt/conda/bin/../lib/gcc/x86_64-conda-linux-gnu/7.5.0/../../../../x86_64-conda-linux-gnu/lib] ==> [/opt/conda/x86_64-conda-linux-gnu/lib]
  collapse library dir [/opt/conda/bin/../x86_64-conda-linux-gnu/sysroot/lib] ==> [/opt/conda/x86_64-conda-linux-gnu/sysroot/lib]
  collapse library dir [/opt/conda/bin/../x86_64-conda-linux-gnu/sysroot/usr/lib] ==> [/opt/conda/x86_64-conda-linux-gnu/sysroot/usr/lib]
  implicit libs: [stdc++;m;gcc_s;gcc;c;gcc_s;gcc]
  implicit dirs: [/opt/conda/lib;/opt/conda/lib/gcc/x86_64-conda-linux-gnu/7.5.0;/opt/conda/lib/gcc;/opt/conda/x86_64-conda-linux-gnu/lib;/opt/conda/x86_64-conda-linux-gnu/sysroot/lib;/opt/conda/x86_64-conda-linux-gnu/sysroot/usr/lib]
  implicit fwks: []




Detecting CXX [-std=c++1z] compiler features compiled with the following output:
Change Dir: /home/jovyan/local/1_user/hgoh@agilesoda.ai/TwinReader/CRAFT/utils/cpp_bindings/build/CMakeFiles/CMakeTmp

Run Build Command:"/opt/conda/bin/make" "cmTC_08b85/fast"
/opt/conda/bin/make -f CMakeFiles/cmTC_08b85.dir/build.make CMakeFiles/cmTC_08b85.dir/build
make[1]: Entering directory '/home/jovyan/local/1_user/hgoh@agilesoda.ai/TwinReader/CRAFT/utils/cpp_bindings/build/CMakeFiles/CMakeTmp'
Building CXX object CMakeFiles/cmTC_08b85.dir/feature_tests.cxx.o
/opt/conda/bin/x86_64-conda-linux-gnu-c++    -fvisibility-inlines-hidden -std=c++17 -fmessage-length=0 -march=nocona -mtune=haswell -ftree-vectorize -fPIC -fstack-protector-strong -fno-plt -O2 -ffunction-sections -pipe -isystem /opt/conda/include    -std=c++1z -o CMakeFiles/cmTC_08b85.dir/feature_tests.cxx.o -c /home/jovyan/local/1_user/hgoh@agilesoda.ai/TwinReader/CRAFT/utils/cpp_bindings/build/CMakeFiles/feature_tests.cxx
Linking CXX executable cmTC_08b85
/usr/bin/cmake -E cmake_link_script CMakeFiles/cmTC_08b85.dir/link.txt --verbose=1
/opt/conda/bin/x86_64-conda-linux-gnu-c++  -fvisibility-inlines-hidden -std=c++17 -fmessage-length=0 -march=nocona -mtune=haswell -ftree-vectorize -fPIC -fstack-protector-strong -fno-plt -O2 -ffunction-sections -pipe -isystem /opt/conda/include   -Wl,-O2 -Wl,--sort-common -Wl,--as-needed -Wl,-z,relro -Wl,-z,now -Wl,--disable-new-dtags -Wl,--gc-sections -Wl,-rpath,/opt/conda/lib -Wl,-rpath-link,/opt/conda/lib -L/opt/conda/lib  -rdynamic CMakeFiles/cmTC_08b85.dir/feature_tests.cxx.o  -o cmTC_08b85 
make[1]: Leaving directory '/home/jovyan/local/1_user/hgoh@agilesoda.ai/TwinReader/CRAFT/utils/cpp_bindings/build/CMakeFiles/CMakeTmp'


    Feature record: CXX_FEATURE:1cxx_aggregate_default_initializers
    Feature record: CXX_FEATURE:1cxx_alias_templates
    Feature record: CXX_FEATURE:1cxx_alignas
    Feature record: CXX_FEATURE:1cxx_alignof
    Feature record: CXX_FEATURE:1cxx_attributes
    Feature record: CXX_FEATURE:1cxx_attribute_deprecated
    Feature record: CXX_FEATURE:1cxx_auto_type
    Feature record: CXX_FEATURE:1cxx_binary_literals
    Feature record: CXX_FEATURE:1cxx_constexpr
    Feature record: CXX_FEATURE:1cxx_contextual_conversions
    Feature record: CXX_FEATURE:1cxx_decltype
    Feature record: CXX_FEATURE:1cxx_decltype_auto
    Feature record: CXX_FEATURE:1cxx_decltype_incomplete_return_types
    Feature record: CXX_FEATURE:1cxx_default_function_template_args
    Feature record: CXX_FEATURE:1cxx_defaulted_functions
    Feature record: CXX_FEATURE:1cxx_defaulted_move_initializers
    Feature record: CXX_FEATURE:1cxx_delegating_constructors
    Feature record: CXX_FEATURE:1cxx_deleted_functions
    Feature record: CXX_FEATURE:1cxx_digit_separators
    Feature record: CXX_FEATURE:1cxx_enum_forward_declarations
    Feature record: CXX_FEATURE:1cxx_explicit_conversions
    Feature record: CXX_FEATURE:1cxx_extended_friend_declarations
    Feature record: CXX_FEATURE:1cxx_extern_templates
    Feature record: CXX_FEATURE:1cxx_final
    Feature record: CXX_FEATURE:1cxx_func_identifier
    Feature record: CXX_FEATURE:1cxx_generalized_initializers
    Feature record: CXX_FEATURE:1cxx_generic_lambdas
    Feature record: CXX_FEATURE:1cxx_inheriting_constructors
    Feature record: CXX_FEATURE:1cxx_inline_namespaces
    Feature record: CXX_FEATURE:1cxx_lambdas
    Feature record: CXX_FEATURE:1cxx_lambda_init_captures
    Feature record: CXX_FEATURE:1cxx_local_type_template_args
    Feature record: CXX_FEATURE:1cxx_long_long_type
    Feature record: CXX_FEATURE:1cxx_noexcept
    Feature record: CXX_FEATURE:1cxx_nonstatic_member_init
    Feature record: CXX_FEATURE:1cxx_nullptr
    Feature record: CXX_FEATURE:1cxx_override
    Feature record: CXX_FEATURE:1cxx_range_for
    Feature record: CXX_FEATURE:1cxx_raw_string_literals
    Feature record: CXX_FEATURE:1cxx_reference_qualified_functions
    Feature record: CXX_FEATURE:1cxx_relaxed_constexpr
    Feature record: CXX_FEATURE:1cxx_return_type_deduction
    Feature record: CXX_FEATURE:1cxx_right_angle_brackets
    Feature record: CXX_FEATURE:1cxx_rvalue_references
    Feature record: CXX_FEATURE:1cxx_sizeof_member
    Feature record: CXX_FEATURE:1cxx_static_assert
    Feature record: CXX_FEATURE:1cxx_strong_enums
    Feature record: CXX_FEATURE:1cxx_template_template_parameters
    Feature record: CXX_FEATURE:1cxx_thread_local
    Feature record: CXX_FEATURE:1cxx_trailing_return_types
    Feature record: CXX_FEATURE:1cxx_unicode_literals
    Feature record: CXX_FEATURE:1cxx_uniform_initialization
    Feature record: CXX_FEATURE:1cxx_unrestricted_unions
    Feature record: CXX_FEATURE:1cxx_user_literals
    Feature record: CXX_FEATURE:1cxx_variable_templates
    Feature record: CXX_FEATURE:1cxx_variadic_macros
    Feature record: CXX_FEATURE:1cxx_variadic_templates


Detecting CXX [-std=c++14] compiler features compiled with the following output:
Change Dir: /home/jovyan/local/1_user/hgoh@agilesoda.ai/TwinReader/CRAFT/utils/cpp_bindings/build/CMakeFiles/CMakeTmp

Run Build Command:"/opt/conda/bin/make" "cmTC_73dec/fast"
/opt/conda/bin/make -f CMakeFiles/cmTC_73dec.dir/build.make CMakeFiles/cmTC_73dec.dir/build
make[1]: Entering directory '/home/jovyan/local/1_user/hgoh@agilesoda.ai/TwinReader/CRAFT/utils/cpp_bindings/build/CMakeFiles/CMakeTmp'
Building CXX object CMakeFiles/cmTC_73dec.dir/feature_tests.cxx.o
/opt/conda/bin/x86_64-conda-linux-gnu-c++    -fvisibility-inlines-hidden -std=c++17 -fmessage-length=0 -march=nocona -mtune=haswell -ftree-vectorize -fPIC -fstack-protector-strong -fno-plt -O2 -ffunction-sections -pipe -isystem /opt/conda/include    -std=c++14 -o CMakeFiles/cmTC_73dec.dir/feature_tests.cxx.o -c /home/jovyan/local/1_user/hgoh@agilesoda.ai/TwinReader/CRAFT/utils/cpp_bindings/build/CMakeFiles/feature_tests.cxx
Linking CXX executable cmTC_73dec
/usr/bin/cmake -E cmake_link_script CMakeFiles/cmTC_73dec.dir/link.txt --verbose=1
/opt/conda/bin/x86_64-conda-linux-gnu-c++  -fvisibility-inlines-hidden -std=c++17 -fmessage-length=0 -march=nocona -mtune=haswell -ftree-vectorize -fPIC -fstack-protector-strong -fno-plt -O2 -ffunction-sections -pipe -isystem /opt/conda/include   -Wl,-O2 -Wl,--sort-common -Wl,--as-needed -Wl,-z,relro -Wl,-z,now -Wl,--disable-new-dtags -Wl,--gc-sections -Wl,-rpath,/opt/conda/lib -Wl,-rpath-link,/opt/conda/lib -L/opt/conda/lib  -rdynamic CMakeFiles/cmTC_73dec.dir/feature_tests.cxx.o  -o cmTC_73dec 
make[1]: Leaving directory '/home/jovyan/local/1_user/hgoh@agilesoda.ai/TwinReader/CRAFT/utils/cpp_bindings/build/CMakeFiles/CMakeTmp'


    Feature record: CXX_FEATURE:1cxx_aggregate_default_initializers
    Feature record: CXX_FEATURE:1cxx_alias_templates
    Feature record: CXX_FEATURE:1cxx_alignas
    Feature record: CXX_FEATURE:1cxx_alignof
    Feature record: CXX_FEATURE:1cxx_attributes
    Feature record: CXX_FEATURE:1cxx_attribute_deprecated
    Feature record: CXX_FEATURE:1cxx_auto_type
    Feature record: CXX_FEATURE:1cxx_binary_literals
    Feature record: CXX_FEATURE:1cxx_constexpr
    Feature record: CXX_FEATURE:1cxx_contextual_conversions
    Feature record: CXX_FEATURE:1cxx_decltype
    Feature record: CXX_FEATURE:1cxx_decltype_auto
    Feature record: CXX_FEATURE:1cxx_decltype_incomplete_return_types
    Feature record: CXX_FEATURE:1cxx_default_function_template_args
    Feature record: CXX_FEATURE:1cxx_defaulted_functions
    Feature record: CXX_FEATURE:1cxx_defaulted_move_initializers
    Feature record: CXX_FEATURE:1cxx_delegating_constructors
    Feature record: CXX_FEATURE:1cxx_deleted_functions
    Feature record: CXX_FEATURE:1cxx_digit_separators
    Feature record: CXX_FEATURE:1cxx_enum_forward_declarations
    Feature record: CXX_FEATURE:1cxx_explicit_conversions
    Feature record: CXX_FEATURE:1cxx_extended_friend_declarations
    Feature record: CXX_FEATURE:1cxx_extern_templates
    Feature record: CXX_FEATURE:1cxx_final
    Feature record: CXX_FEATURE:1cxx_func_identifier
    Feature record: CXX_FEATURE:1cxx_generalized_initializers
    Feature record: CXX_FEATURE:1cxx_generic_lambdas
    Feature record: CXX_FEATURE:1cxx_inheriting_constructors
    Feature record: CXX_FEATURE:1cxx_inline_namespaces
    Feature record: CXX_FEATURE:1cxx_lambdas
    Feature record: CXX_FEATURE:1cxx_lambda_init_captures
    Feature record: CXX_FEATURE:1cxx_local_type_template_args
    Feature record: CXX_FEATURE:1cxx_long_long_type
    Feature record: CXX_FEATURE:1cxx_noexcept
    Feature record: CXX_FEATURE:1cxx_nonstatic_member_init
    Feature record: CXX_FEATURE:1cxx_nullptr
    Feature record: CXX_FEATURE:1cxx_override
    Feature record: CXX_FEATURE:1cxx_range_for
    Feature record: CXX_FEATURE:1cxx_raw_string_literals
    Feature record: CXX_FEATURE:1cxx_reference_qualified_functions
    Feature record: CXX_FEATURE:1cxx_relaxed_constexpr
    Feature record: CXX_FEATURE:1cxx_return_type_deduction
    Feature record: CXX_FEATURE:1cxx_right_angle_brackets
    Feature record: CXX_FEATURE:1cxx_rvalue_references
    Feature record: CXX_FEATURE:1cxx_sizeof_member
    Feature record: CXX_FEATURE:1cxx_static_assert
    Feature record: CXX_FEATURE:1cxx_strong_enums
    Feature record: CXX_FEATURE:1cxx_template_template_parameters
    Feature record: CXX_FEATURE:1cxx_thread_local
    Feature record: CXX_FEATURE:1cxx_trailing_return_types
    Feature record: CXX_FEATURE:1cxx_unicode_literals
    Feature record: CXX_FEATURE:1cxx_uniform_initialization
    Feature record: CXX_FEATURE:1cxx_unrestricted_unions
    Feature record: CXX_FEATURE:1cxx_user_literals
    Feature record: CXX_FEATURE:1cxx_variable_templates
    Feature record: CXX_FEATURE:1cxx_variadic_macros
    Feature record: CXX_FEATURE:1cxx_variadic_templates


Detecting CXX [-std=c++11] compiler features compiled with the following output:
Change Dir: /home/jovyan/local/1_user/hgoh@agilesoda.ai/TwinReader/CRAFT/utils/cpp_bindings/build/CMakeFiles/CMakeTmp

Run Build Command:"/opt/conda/bin/make" "cmTC_5f1e2/fast"
/opt/conda/bin/make -f CMakeFiles/cmTC_5f1e2.dir/build.make CMakeFiles/cmTC_5f1e2.dir/build
make[1]: Entering directory '/home/jovyan/local/1_user/hgoh@agilesoda.ai/TwinReader/CRAFT/utils/cpp_bindings/build/CMakeFiles/CMakeTmp'
Building CXX object CMakeFiles/cmTC_5f1e2.dir/feature_tests.cxx.o
/opt/conda/bin/x86_64-conda-linux-gnu-c++    -fvisibility-inlines-hidden -std=c++17 -fmessage-length=0 -march=nocona -mtune=haswell -ftree-vectorize -fPIC -fstack-protector-strong -fno-plt -O2 -ffunction-sections -pipe -isystem /opt/conda/include    -std=c++11 -o CMakeFiles/cmTC_5f1e2.dir/feature_tests.cxx.o -c /home/jovyan/local/1_user/hgoh@agilesoda.ai/TwinReader/CRAFT/utils/cpp_bindings/build/CMakeFiles/feature_tests.cxx
Linking CXX executable cmTC_5f1e2
/usr/bin/cmake -E cmake_link_script CMakeFiles/cmTC_5f1e2.dir/link.txt --verbose=1
/opt/conda/bin/x86_64-conda-linux-gnu-c++  -fvisibility-inlines-hidden -std=c++17 -fmessage-length=0 -march=nocona -mtune=haswell -ftree-vectorize -fPIC -fstack-protector-strong -fno-plt -O2 -ffunction-sections -pipe -isystem /opt/conda/include   -Wl,-O2 -Wl,--sort-common -Wl,--as-needed -Wl,-z,relro -Wl,-z,now -Wl,--disable-new-dtags -Wl,--gc-sections -Wl,-rpath,/opt/conda/lib -Wl,-rpath-link,/opt/conda/lib -L/opt/conda/lib  -rdynamic CMakeFiles/cmTC_5f1e2.dir/feature_tests.cxx.o  -o cmTC_5f1e2 
make[1]: Leaving directory '/home/jovyan/local/1_user/hgoh@agilesoda.ai/TwinReader/CRAFT/utils/cpp_bindings/build/CMakeFiles/CMakeTmp'


    Feature record: CXX_FEATURE:0cxx_aggregate_default_initializers
    Feature record: CXX_FEATURE:1cxx_alias_templates
    Feature record: CXX_FEATURE:1cxx_alignas
    Feature record: CXX_FEATURE:1cxx_alignof
    Feature record: CXX_FEATURE:1cxx_attributes
    Feature record: CXX_FEATURE:0cxx_attribute_deprecated
    Feature record: CXX_FEATURE:1cxx_auto_type
    Feature record: CXX_FEATURE:0cxx_binary_literals
    Feature record: CXX_FEATURE:1cxx_constexpr
    Feature record: CXX_FEATURE:0cxx_contextual_conversions
    Feature record: CXX_FEATURE:1cxx_decltype
    Feature record: CXX_FEATURE:0cxx_decltype_auto
    Feature record: CXX_FEATURE:1cxx_decltype_incomplete_return_types
    Feature record: CXX_FEATURE:1cxx_default_function_template_args
    Feature record: CXX_FEATURE:1cxx_defaulted_functions
    Feature record: CXX_FEATURE:1cxx_defaulted_move_initializers
    Feature record: CXX_FEATURE:1cxx_delegating_constructors
    Feature record: CXX_FEATURE:1cxx_deleted_functions
    Feature record: CXX_FEATURE:0cxx_digit_separators
    Feature record: CXX_FEATURE:1cxx_enum_forward_declarations
    Feature record: CXX_FEATURE:1cxx_explicit_conversions
    Feature record: CXX_FEATURE:1cxx_extended_friend_declarations
    Feature record: CXX_FEATURE:1cxx_extern_templates
    Feature record: CXX_FEATURE:1cxx_final
    Feature record: CXX_FEATURE:1cxx_func_identifier
    Feature record: CXX_FEATURE:1cxx_generalized_initializers
    Feature record: CXX_FEATURE:0cxx_generic_lambdas
    Feature record: CXX_FEATURE:1cxx_inheriting_constructors
    Feature record: CXX_FEATURE:1cxx_inline_namespaces
    Feature record: CXX_FEATURE:1cxx_lambdas
    Feature record: CXX_FEATURE:0cxx_lambda_init_captures
    Feature record: CXX_FEATURE:1cxx_local_type_template_args
    Feature record: CXX_FEATURE:1cxx_long_long_type
    Feature record: CXX_FEATURE:1cxx_noexcept
    Feature record: CXX_FEATURE:1cxx_nonstatic_member_init
    Feature record: CXX_FEATURE:1cxx_nullptr
    Feature record: CXX_FEATURE:1cxx_override
    Feature record: CXX_FEATURE:1cxx_range_for
    Feature record: CXX_FEATURE:1cxx_raw_string_literals
    Feature record: CXX_FEATURE:1cxx_reference_qualified_functions
    Feature record: CXX_FEATURE:0cxx_relaxed_constexpr
    Feature record: CXX_FEATURE:0cxx_return_type_deduction
    Feature record: CXX_FEATURE:1cxx_right_angle_brackets
    Feature record: CXX_FEATURE:1cxx_rvalue_references
    Feature record: CXX_FEATURE:1cxx_sizeof_member
    Feature record: CXX_FEATURE:1cxx_static_assert
    Feature record: CXX_FEATURE:1cxx_strong_enums
    Feature record: CXX_FEATURE:1cxx_template_template_parameters
    Feature record: CXX_FEATURE:1cxx_thread_local
    Feature record: CXX_FEATURE:1cxx_trailing_return_types
    Feature record: CXX_FEATURE:1cxx_unicode_literals
    Feature record: CXX_FEATURE:1cxx_uniform_initialization
    Feature record: CXX_FEATURE:1cxx_unrestricted_unions
    Feature record: CXX_FEATURE:1cxx_user_literals
    Feature record: CXX_FEATURE:0cxx_variable_templates
    Feature record: CXX_FEATURE:1cxx_variadic_macros
    Feature record: CXX_FEATURE:1cxx_variadic_templates


Detecting CXX [-std=c++98] compiler features compiled with the following output:
Change Dir: /home/jovyan/local/1_user/hgoh@agilesoda.ai/TwinReader/CRAFT/utils/cpp_bindings/build/CMakeFiles/CMakeTmp

Run Build Command:"/opt/conda/bin/make" "cmTC_9f43e/fast"
/opt/conda/bin/make -f CMakeFiles/cmTC_9f43e.dir/build.make CMakeFiles/cmTC_9f43e.dir/build
make[1]: Entering directory '/home/jovyan/local/1_user/hgoh@agilesoda.ai/TwinReader/CRAFT/utils/cpp_bindings/build/CMakeFiles/CMakeTmp'
Building CXX object CMakeFiles/cmTC_9f43e.dir/feature_tests.cxx.o
/opt/conda/bin/x86_64-conda-linux-gnu-c++    -fvisibility-inlines-hidden -std=c++17 -fmessage-length=0 -march=nocona -mtune=haswell -ftree-vectorize -fPIC -fstack-protector-strong -fno-plt -O2 -ffunction-sections -pipe -isystem /opt/conda/include    -std=c++98 -o CMakeFiles/cmTC_9f43e.dir/feature_tests.cxx.o -c /home/jovyan/local/1_user/hgoh@agilesoda.ai/TwinReader/CRAFT/utils/cpp_bindings/build/CMakeFiles/feature_tests.cxx
Linking CXX executable cmTC_9f43e
/usr/bin/cmake -E cmake_link_script CMakeFiles/cmTC_9f43e.dir/link.txt --verbose=1
/opt/conda/bin/x86_64-conda-linux-gnu-c++  -fvisibility-inlines-hidden -std=c++17 -fmessage-length=0 -march=nocona -mtune=haswell -ftree-vectorize -fPIC -fstack-protector-strong -fno-plt -O2 -ffunction-sections -pipe -isystem /opt/conda/include   -Wl,-O2 -Wl,--sort-common -Wl,--as-needed -Wl,-z,relro -Wl,-z,now -Wl,--disable-new-dtags -Wl,--gc-sections -Wl,-rpath,/opt/conda/lib -Wl,-rpath-link,/opt/conda/lib -L/opt/conda/lib  -rdynamic CMakeFiles/cmTC_9f43e.dir/feature_tests.cxx.o  -o cmTC_9f43e 
make[1]: Leaving directory '/home/jovyan/local/1_user/hgoh@agilesoda.ai/TwinReader/CRAFT/utils/cpp_bindings/build/CMakeFiles/CMakeTmp'


    Feature record: CXX_FEATURE:0cxx_aggregate_default_initializers
    Feature record: CXX_FEATURE:0cxx_alias_templates
    Feature record: CXX_FEATURE:0cxx_alignas
    Feature record: CXX_FEATURE:0cxx_alignof
    Feature record: CXX_FEATURE:0cxx_attributes
    Feature record: CXX_FEATURE:0cxx_attribute_deprecated
    Feature record: CXX_FEATURE:0cxx_auto_type
    Feature record: CXX_FEATURE:0cxx_binary_literals
    Feature record: CXX_FEATURE:0cxx_constexpr
    Feature record: CXX_FEATURE:0cxx_contextual_conversions
    Feature record: CXX_FEATURE:0cxx_decltype
    Feature record: CXX_FEATURE:0cxx_decltype_auto
    Feature record: CXX_FEATURE:0cxx_decltype_incomplete_return_types
    Feature record: CXX_FEATURE:0cxx_default_function_template_args
    Feature record: CXX_FEATURE:0cxx_defaulted_functions
    Feature record: CXX_FEATURE:0cxx_defaulted_move_initializers
    Feature record: CXX_FEATURE:0cxx_delegating_constructors
    Feature record: CXX_FEATURE:0cxx_deleted_functions
    Feature record: CXX_FEATURE:0cxx_digit_separators
    Feature record: CXX_FEATURE:0cxx_enum_forward_declarations
    Feature record: CXX_FEATURE:0cxx_explicit_conversions
    Feature record: CXX_FEATURE:0cxx_extended_friend_declarations
    Feature record: CXX_FEATURE:0cxx_extern_templates
    Feature record: CXX_FEATURE:0cxx_final
    Feature record: CXX_FEATURE:0cxx_func_identifier
    Feature record: CXX_FEATURE:0cxx_generalized_initializers
    Feature record: CXX_FEATURE:0cxx_generic_lambdas
    Feature record: CXX_FEATURE:0cxx_inheriting_constructors
    Feature record: CXX_FEATURE:0cxx_inline_namespaces
    Feature record: CXX_FEATURE:0cxx_lambdas
    Feature record: CXX_FEATURE:0cxx_lambda_init_captures
    Feature record: CXX_FEATURE:0cxx_local_type_template_args
    Feature record: CXX_FEATURE:0cxx_long_long_type
    Feature record: CXX_FEATURE:0cxx_noexcept
    Feature record: CXX_FEATURE:0cxx_nonstatic_member_init
    Feature record: CXX_FEATURE:0cxx_nullptr
    Feature record: CXX_FEATURE:0cxx_override
    Feature record: CXX_FEATURE:0cxx_range_for
    Feature record: CXX_FEATURE:0cxx_raw_string_literals
    Feature record: CXX_FEATURE:0cxx_reference_qualified_functions
    Feature record: CXX_FEATURE:0cxx_relaxed_constexpr
    Feature record: CXX_FEATURE:0cxx_return_type_deduction
    Feature record: CXX_FEATURE:0cxx_right_angle_brackets
    Feature record: CXX_FEATURE:0cxx_rvalue_references
    Feature record: CXX_FEATURE:0cxx_sizeof_member
    Feature record: CXX_FEATURE:0cxx_static_assert
    Feature record: CXX_FEATURE:0cxx_strong_enums
    Feature record: CXX_FEATURE:1cxx_template_template_parameters
    Feature record: CXX_FEATURE:0cxx_thread_local
    Feature record: CXX_FEATURE:0cxx_trailing_return_types
    Feature record: CXX_FEATURE:0cxx_unicode_literals
    Feature record: CXX_FEATURE:0cxx_uniform_initialization
    Feature record: CXX_FEATURE:0cxx_unrestricted_unions
    Feature record: CXX_FEATURE:0cxx_user_literals
    Feature record: CXX_FEATURE:0cxx_variable_templates
    Feature record: CXX_FEATURE:0cxx_variadic_macros
    Feature record: CXX_FEATURE:0cxx_variadic_templates
